# JRE version: OpenJDK Runtime Environment Temurin-17.0.10+7 (17.0.10+7) (build 17.0.10+7)
# Java VM: OpenJDK 64-Bit Server VM Temurin-17.0.10+7 (17.0.10+7, mixed mode, emulated-client, tiered, compressed oops, compressed class ptrs, g1 gc, windows-amd64)
GC Precious Log:
 CPUs: 8 total, 8 available
 Memory: 12083M
 Large Page Support: Disabled
 NUMA Support: Disabled
 Compressed Oops: Enabled (32-bit)
 Heap Region Size: 1M
 Heap Min Capacity: 8M
 Heap Initial Capacity: 190M
 Heap Max Capacity: 1G
 Pre-touch: Disabled
 Parallel Workers: 8
 Concurrent Workers: 2
 Concurrent Refinement Workers: 8
 Periodic GC: Disabled
Heap:
 garbage-first heap   total 89088K, used 29801K [0x00000000c0000000, 0x0000000100000000)
  region size 1024K, 1 young (1024K), 0 survivors (0K)
 Metaspace       used 58743K, committed 59136K, reserved 1114112K
  class space    used 7309K, committed 7488K, reserved 1048576K
GC Heap History (20 events):
Event: 22223.567 GC heap before
{Heap before GC invocations=1676 (full 1637):
 garbage-first heap   total 89088K, used 29801K [0x00000000c0000000, 0x0000000100000000)
  region size 1024K, 1 young (1024K), 0 survivors (0K)
 Metaspace       used 58743K, committed 59136K, reserved 1114112K
  class space    used 7309K, committed 7488K, reserved 1048576K
}
Event: 22223.605 GC heap after
{Heap after GC invocations=1677 (full 1638):
 garbage-first heap   total 89088K, used 29801K [0x00000000c0000000, 0x0000000100000000)
  region size 1024K, 0 young (0K), 0 survivors (0K)
 Metaspace       used 58743K, committed 59136K, reserved 1114112K
  class space    used 7309K, committed 7488K, reserved 1048576K
}
Event: 22233.963 GC heap before
{Heap before GC invocations=1677 (full 1638):
 garbage-first heap   total 89088K, used 29801K [0x00000000c0000000, 0x0000000100000000)
  region size 1024K, 1 young (1024K), 0 survivors (0K)
 Metaspace       used 58743K, committed 59136K, reserved 1114112K
  class space    used 7309K, committed 7488K, reserved 1048576K
}
Event: 22233.989 GC heap after
{Heap after GC invocations=1678 (full 1639):
 garbage-first heap   total 89088K, used 29801K [0x00000000c0000000, 0x0000000100000000)
  region size 1024K, 0 young (0K), 0 survivors (0K)
 Metaspace       used 58743K, committed 59136K, reserved 1114112K
  class space    used 7309K, committed 7488K, reserved 1048576K
}
Event: 22244.321 GC heap before
{Heap before GC invocations=1678 (full 1639):
 garbage-first heap   total 89088K, used 29801K [0x00000000c0000000, 0x0000000100000000)
  region size 1024K, 1 young (1024K), 0 survivors (0K)
 Metaspace       used 58743K, committed 59136K, reserved 1114112K
  class space    used 7309K, committed 7488K, reserved 1048576K
}
Event: 22244.353 GC heap after
{Heap after GC invocations=1679 (full 1640):
 garbage-first heap   total 89088K, used 29801K [0x00000000c0000000, 0x0000000100000000)
  region size 1024K, 0 young (0K), 0 survivors (0K)
 Metaspace       used 58743K, committed 59136K, reserved 1114112K
  class space    used 7309K, committed 7488K, reserved 1048576K
}
Event: 22254.924 GC heap before
{Heap before GC invocations=1679 (full 1640):
 garbage-first heap   total 89088K, used 29801K [0x00000000c0000000, 0x0000000100000000)
  region size 1024K, 1 young (1024K), 0 survivors (0K)
 Metaspace       used 58743K, committed 59136K, reserved 1114112K
  class space    used 7309K, committed 7488K, reserved 1048576K
}
Event: 22254.969 GC heap after
{Heap after GC invocations=1680 (full 1641):
 garbage-first heap   total 89088K, used 29801K [0x00000000c0000000, 0x0000000100000000)
  region size 1024K, 0 young (0K), 0 survivors (0K)
 Metaspace       used 58743K, committed 59136K, reserved 1114112K
  class space    used 7309K, committed 7488K, reserved 1048576K
}
Event: 22265.284 GC heap before
{Heap before GC invocations=1680 (full 1641):
 garbage-first heap   total 89088K, used 29801K [0x00000000c0000000, 0x0000000100000000)
  region size 1024K, 1 young (1024K), 0 survivors (0K)
 Metaspace       used 58743K, committed 59136K, reserved 1114112K
  class space    used 7309K, committed 7488K, reserved 1048576K
}
Event: 22265.316 GC heap after
{Heap after GC invocations=1681 (full 1642):
 garbage-first heap   total 89088K, used 29801K [0x00000000c0000000, 0x0000000100000000)
  region size 1024K, 0 young (0K), 0 survivors (0K)
 Metaspace       used 58743K, committed 59136K, reserved 1114112K
  class space    used 7309K, committed 7488K, reserved 1048576K
}
Event: 22275.624 GC heap before
{Heap before GC invocations=1681 (full 1642):
 garbage-first heap   total 89088K, used 29801K [0x00000000c0000000, 0x0000000100000000)
  region size 1024K, 1 young (1024K), 0 survivors (0K)
 Metaspace       used 58743K, committed 59136K, reserved 1114112K
  class space    used 7309K, committed 7488K, reserved 1048576K
}
Event: 22275.660 GC heap after
{Heap after GC invocations=1682 (full 1643):
 garbage-first heap   total 89088K, used 29801K [0x00000000c0000000, 0x0000000100000000)
  region size 1024K, 0 young (0K), 0 survivors (0K)
 Metaspace       used 58743K, committed 59136K, reserved 1114112K
  class space    used 7309K, committed 7488K, reserved 1048576K
}
Event: 22286.114 GC heap before
{Heap before GC invocations=1682 (full 1643):
 garbage-first heap   total 89088K, used 29801K [0x00000000c0000000, 0x0000000100000000)
  region size 1024K, 1 young (1024K), 0 survivors (0K)
 Metaspace       used 58743K, committed 59136K, reserved 1114112K
  class space    used 7309K, committed 7488K, reserved 1048576K
}
Event: 22286.157 GC heap after
{Heap after GC invocations=1683 (full 1644):
 garbage-first heap   total 89088K, used 29801K [0x00000000c0000000, 0x0000000100000000)
  region size 1024K, 0 young (0K), 0 survivors (0K)
 Metaspace       used 58743K, committed 59136K, reserved 1114112K
  class space    used 7309K, committed 7488K, reserved 1048576K
}
Event: 22296.493 GC heap before
{Heap before GC invocations=1683 (full 1644):
 garbage-first heap   total 89088K, used 29801K [0x00000000c0000000, 0x0000000100000000)
  region size 1024K, 1 young (1024K), 0 survivors (0K)
 Metaspace       used 58743K, committed 59136K, reserved 1114112K
  class space    used 7309K, committed 7488K, reserved 1048576K
}
Event: 22296.524 GC heap after
{Heap after GC invocations=1684 (full 1645):
 garbage-first heap   total 89088K, used 29801K [0x00000000c0000000, 0x0000000100000000)
  region size 1024K, 0 young (0K), 0 survivors (0K)
 Metaspace       used 58743K, committed 59136K, reserved 1114112K
  class space    used 7309K, committed 7488K, reserved 1048576K
}
Event: 22337.076 GC heap before
{Heap before GC invocations=1684 (full 1645):
 garbage-first heap   total 89088K, used 29801K [0x00000000c0000000, 0x0000000100000000)
  region size 1024K, 1 young (1024K), 0 survivors (0K)
 Metaspace       used 58743K, committed 59136K, reserved 1114112K
  class space    used 7309K, committed 7488K, reserved 1048576K
}
Event: 22337.117 GC heap after
{Heap after GC invocations=1685 (full 1646):
 garbage-first heap   total 89088K, used 29801K [0x00000000c0000000, 0x0000000100000000)
  region size 1024K, 0 young (0K), 0 survivors (0K)
 Metaspace       used 58743K, committed 59136K, reserved 1114112K
  class space    used 7309K, committed 7488K, reserved 1048576K
}
Event: 22377.750 GC heap before
{Heap before GC invocations=1685 (full 1646):
 garbage-first heap   total 89088K, used 29801K [0x00000000c0000000, 0x0000000100000000)
  region size 1024K, 1 young (1024K), 0 survivors (0K)
 Metaspace       used 58743K, committed 59136K, reserved 1114112K
  class space    used 7309K, committed 7488K, reserved 1048576K
}
Event: 22377.866 GC heap after
{Heap after GC invocations=1686 (full 1647):
 garbage-first heap   total 89088K, used 29801K [0x00000000c0000000, 0x0000000100000000)
  region size 1024K, 0 young (0K), 0 survivors (0K)
 Metaspace       used 58743K, committed 59136K, reserved 1114112K
  class space    used 7309K, committed 7488K, reserved 1048576K
}

