# JRE version: OpenJDK Runtime Environment Temurin-17.0.10+7 (17.0.10+7) (build 17.0.10+7)
# Java VM: OpenJDK 64-Bit Server VM Temurin-17.0.10+7 (17.0.10+7, mixed mode, emulated-client, tiered, compressed oops, compressed class ptrs, g1 gc, windows-amd64)
GC Precious Log:
 CPUs: 8 total, 8 available
 Memory: 12083M
 Large Page Support: Disabled
 NUMA Support: Disabled
 Compressed Oops: Enabled (32-bit)
 Heap Region Size: 1M
 Heap Min Capacity: 8M
 Heap Initial Capacity: 190M
 Heap Max Capacity: 1G
 Pre-touch: Disabled
 Parallel Workers: 8
 Concurrent Workers: 2
 Concurrent Refinement Workers: 8
 Periodic GC: Disabled
Heap:
 garbage-first heap   total 109568K, used 40572K [0x00000000c0000000, 0x0000000100000000)
  region size 1024K, 1 young (1024K), 0 survivors (0K)
 Metaspace       used 60373K, committed 60864K, reserved 1114112K
  class space    used 7562K, committed 7744K, reserved 1048576K
GC Heap History (20 events):
Event: 31314.002 GC heap before
{Heap before GC invocations=2501 (full 2420):
 garbage-first heap   total 109568K, used 40572K [0x00000000c0000000, 0x0000000100000000)
  region size 1024K, 1 young (1024K), 0 survivors (0K)
 Metaspace       used 60373K, committed 60864K, reserved 1114112K
  class space    used 7562K, committed 7744K, reserved 1048576K
}
Event: 31314.044 GC heap after
{Heap after GC invocations=2502 (full 2421):
 garbage-first heap   total 109568K, used 40572K [0x00000000c0000000, 0x0000000100000000)
  region size 1024K, 0 young (0K), 0 survivors (0K)
 Metaspace       used 60373K, committed 60864K, reserved 1114112K
  class space    used 7562K, committed 7744K, reserved 1048576K
}
Event: 31324.918 GC heap before
{Heap before GC invocations=2502 (full 2421):
 garbage-first heap   total 109568K, used 40572K [0x00000000c0000000, 0x0000000100000000)
  region size 1024K, 1 young (1024K), 0 survivors (0K)
 Metaspace       used 60373K, committed 60864K, reserved 1114112K
  class space    used 7562K, committed 7744K, reserved 1048576K
}
Event: 31324.965 GC heap after
{Heap after GC invocations=2503 (full 2422):
 garbage-first heap   total 109568K, used 40572K [0x00000000c0000000, 0x0000000100000000)
  region size 1024K, 0 young (0K), 0 survivors (0K)
 Metaspace       used 60373K, committed 60864K, reserved 1114112K
  class space    used 7562K, committed 7744K, reserved 1048576K
}
Event: 31336.578 GC heap before
{Heap before GC invocations=2503 (full 2422):
 garbage-first heap   total 109568K, used 40572K [0x00000000c0000000, 0x0000000100000000)
  region size 1024K, 1 young (1024K), 0 survivors (0K)
 Metaspace       used 60373K, committed 60864K, reserved 1114112K
  class space    used 7562K, committed 7744K, reserved 1048576K
}
Event: 31336.625 GC heap after
{Heap after GC invocations=2504 (full 2423):
 garbage-first heap   total 109568K, used 40572K [0x00000000c0000000, 0x0000000100000000)
  region size 1024K, 0 young (0K), 0 survivors (0K)
 Metaspace       used 60373K, committed 60864K, reserved 1114112K
  class space    used 7562K, committed 7744K, reserved 1048576K
}
Event: 31347.053 GC heap before
{Heap before GC invocations=2504 (full 2423):
 garbage-first heap   total 109568K, used 40572K [0x00000000c0000000, 0x0000000100000000)
  region size 1024K, 1 young (1024K), 0 survivors (0K)
 Metaspace       used 60373K, committed 60864K, reserved 1114112K
  class space    used 7562K, committed 7744K, reserved 1048576K
}
Event: 31347.102 GC heap after
{Heap after GC invocations=2505 (full 2424):
 garbage-first heap   total 109568K, used 40572K [0x00000000c0000000, 0x0000000100000000)
  region size 1024K, 0 young (0K), 0 survivors (0K)
 Metaspace       used 60373K, committed 60864K, reserved 1114112K
  class space    used 7562K, committed 7744K, reserved 1048576K
}
Event: 31358.221 GC heap before
{Heap before GC invocations=2505 (full 2424):
 garbage-first heap   total 109568K, used 40572K [0x00000000c0000000, 0x0000000100000000)
  region size 1024K, 1 young (1024K), 0 survivors (0K)
 Metaspace       used 60373K, committed 60864K, reserved 1114112K
  class space    used 7562K, committed 7744K, reserved 1048576K
}
Event: 31358.277 GC heap after
{Heap after GC invocations=2506 (full 2425):
 garbage-first heap   total 109568K, used 40572K [0x00000000c0000000, 0x0000000100000000)
  region size 1024K, 0 young (0K), 0 survivors (0K)
 Metaspace       used 60373K, committed 60864K, reserved 1114112K
  class space    used 7562K, committed 7744K, reserved 1048576K
}
Event: 31368.960 GC heap before
{Heap before GC invocations=2506 (full 2425):
 garbage-first heap   total 109568K, used 40572K [0x00000000c0000000, 0x0000000100000000)
  region size 1024K, 1 young (1024K), 0 survivors (0K)
 Metaspace       used 60373K, committed 60864K, reserved 1114112K
  class space    used 7562K, committed 7744K, reserved 1048576K
}
Event: 31369.021 GC heap after
{Heap after GC invocations=2507 (full 2426):
 garbage-first heap   total 109568K, used 40572K [0x00000000c0000000, 0x0000000100000000)
  region size 1024K, 0 young (0K), 0 survivors (0K)
 Metaspace       used 60373K, committed 60864K, reserved 1114112K
  class space    used 7562K, committed 7744K, reserved 1048576K
}
Event: 31382.004 GC heap before
{Heap before GC invocations=2507 (full 2426):
 garbage-first heap   total 109568K, used 40572K [0x00000000c0000000, 0x0000000100000000)
  region size 1024K, 1 young (1024K), 0 survivors (0K)
 Metaspace       used 60373K, committed 60864K, reserved 1114112K
  class space    used 7562K, committed 7744K, reserved 1048576K
}
Event: 31382.225 GC heap after
{Heap after GC invocations=2508 (full 2427):
 garbage-first heap   total 109568K, used 40572K [0x00000000c0000000, 0x0000000100000000)
  region size 1024K, 0 young (0K), 0 survivors (0K)
 Metaspace       used 60373K, committed 60864K, reserved 1114112K
  class space    used 7562K, committed 7744K, reserved 1048576K
}
Event: 31403.839 GC heap before
{Heap before GC invocations=2508 (full 2427):
 garbage-first heap   total 109568K, used 40572K [0x00000000c0000000, 0x0000000100000000)
  region size 1024K, 1 young (1024K), 0 survivors (0K)
 Metaspace       used 60373K, committed 60864K, reserved 1114112K
  class space    used 7562K, committed 7744K, reserved 1048576K
}
Event: 31404.041 GC heap after
{Heap after GC invocations=2509 (full 2428):
 garbage-first heap   total 109568K, used 40572K [0x00000000c0000000, 0x0000000100000000)
  region size 1024K, 0 young (0K), 0 survivors (0K)
 Metaspace       used 60373K, committed 60864K, reserved 1114112K
  class space    used 7562K, committed 7744K, reserved 1048576K
}
Event: 31414.848 GC heap before
{Heap before GC invocations=2509 (full 2428):
 garbage-first heap   total 109568K, used 40572K [0x00000000c0000000, 0x0000000100000000)
  region size 1024K, 1 young (1024K), 0 survivors (0K)
 Metaspace       used 60373K, committed 60864K, reserved 1114112K
  class space    used 7562K, committed 7744K, reserved 1048576K
}
Event: 31414.895 GC heap after
{Heap after GC invocations=2510 (full 2429):
 garbage-first heap   total 109568K, used 40572K [0x00000000c0000000, 0x0000000100000000)
  region size 1024K, 0 young (0K), 0 survivors (0K)
 Metaspace       used 60373K, committed 60864K, reserved 1114112K
  class space    used 7562K, committed 7744K, reserved 1048576K
}
Event: 31425.497 GC heap before
{Heap before GC invocations=2510 (full 2429):
 garbage-first heap   total 109568K, used 40572K [0x00000000c0000000, 0x0000000100000000)
  region size 1024K, 1 young (1024K), 0 survivors (0K)
 Metaspace       used 60373K, committed 60864K, reserved 1114112K
  class space    used 7562K, committed 7744K, reserved 1048576K
}
Event: 31425.546 GC heap after
{Heap after GC invocations=2511 (full 2430):
 garbage-first heap   total 109568K, used 40572K [0x00000000c0000000, 0x0000000100000000)
  region size 1024K, 0 young (0K), 0 survivors (0K)
 Metaspace       used 60373K, committed 60864K, reserved 1114112K
  class space    used 7562K, committed 7744K, reserved 1048576K
}

